Log file open, 08/15/20 10:40:07
LogInit: Display: Running engine for game: ToBeNamed_RPG
LogPlatformFile: Not using cached read wrapper
LogTaskGraph: Started task graph with 5 named threads and 23 total threads with 3 sets of task threads.
LogStats: Stats thread started at 0.199018
LogD3D11RHI: Loaded GFSDK_Aftermath_Lib.x64.dll
LogICUInternationalization: ICU TimeZone Detection - Raw Offset: +1:00, Platform Override: ''
LogPluginManager: Mounting plugin Paper2D
LogPluginManager: Mounting plugin AISupport
LogPluginManager: Mounting plugin LightPropagationVolume
LogPluginManager: Mounting plugin CameraShakePreviewer
LogPluginManager: Mounting plugin ActorLayerUtilities
LogPluginManager: Mounting plugin AnimationSharing
LogPluginManager: Mounting plugin CLionSourceCodeAccess
LogPluginManager: Mounting plugin CodeLiteSourceCodeAccess
LogPluginManager: Mounting plugin GitSourceControl
LogPluginManager: Mounting plugin KDevelopSourceCodeAccess
LogPluginManager: Mounting plugin NullSourceCodeAccess
LogPluginManager: Mounting plugin PerforceSourceControl
LogPluginManager: Mounting plugin PlasticSourceControl
LogPluginManager: Mounting plugin RiderSourceCodeAccess
LogPluginManager: Mounting plugin SubversionSourceControl
LogPluginManager: Mounting plugin UObjectPlugin
LogPluginManager: Mounting plugin VisualStudioCodeSourceCodeAccess
LogPluginManager: Mounting plugin VisualStudioSourceCodeAccess
LogPluginManager: Mounting plugin XCodeSourceCodeAccess
LogPluginManager: Mounting plugin AssetManagerEditor
LogPluginManager: Mounting plugin CryptoKeys
LogPluginManager: Mounting plugin CurveEditorTools
LogPluginManager: Mounting plugin DataValidation
LogPluginManager: Mounting plugin EditorScriptingUtilities
LogPluginManager: Mounting plugin FacialAnimation
LogPluginManager: Mounting plugin GameplayTagsEditor
LogPluginManager: Mounting plugin GeometryMode
LogPluginManager: Mounting plugin MacGraphicsSwitching
LogPluginManager: Mounting plugin MaterialAnalyzer
LogPluginManager: Mounting plugin MobileLauncherProfileWizard
LogPluginManager: Mounting plugin PluginBrowser
LogPluginManager: Mounting plugin SpeedTreeImporter
LogPluginManager: Mounting plugin DatasmithContent
LogPluginManager: Mounting plugin VariantManagerContent
LogPluginManager: Mounting plugin AlembicImporter
LogPluginManager: Mounting plugin AutomationUtils
LogPluginManager: Mounting plugin BackChannel
LogPluginManager: Mounting plugin ChaosCloth
LogPluginManager: Mounting plugin ChaosClothEditor
LogPluginManager: Mounting plugin ChaosEditor
LogPluginManager: Mounting plugin ChaosNiagara
LogPluginManager: Mounting plugin ChaosSolverPlugin
LogPluginManager: Mounting plugin CharacterAI
LogPluginManager: Mounting plugin GeometryCache
LogPluginManager: Mounting plugin GeometryCollectionPlugin
LogPluginManager: Mounting plugin GeometryProcessing
LogPluginManager: Mounting plugin PlanarCut
LogPluginManager: Mounting plugin PlatformCrypto
LogPluginManager: Mounting plugin ProxyLODPlugin
LogPluginManager: Mounting plugin PythonScriptPlugin
LogPluginManager: Mounting plugin SkeletalReduction
LogPluginManager: Mounting plugin Niagara
LogPluginManager: Mounting plugin MagicLeap
LogPluginManager: Mounting plugin MagicLeapLightEstimation
LogPluginManager: Mounting plugin MagicLeapMedia
LogPluginManager: Mounting plugin MagicLeapPassableWorld
LogPluginManager: Mounting plugin MLSDK
LogPluginManager: Mounting plugin AndroidMedia
LogPluginManager: Mounting plugin AvfMedia
LogPluginManager: Mounting plugin ImgMedia
LogPluginManager: Mounting plugin MediaCompositing
LogPluginManager: Mounting plugin MediaPlayerEditor
LogPluginManager: Mounting plugin WebMMedia
LogPluginManager: Mounting plugin WmfMedia
LogPluginManager: Mounting plugin MegascansPlugin
LogPluginManager: Mounting plugin MeshPainting
LogPluginManager: Mounting plugin TcpMessaging
LogPluginManager: Mounting plugin UdpMessaging
LogPluginManager: Mounting plugin ActorSequence
LogPluginManager: Mounting plugin LevelSequenceEditor
LogPluginManager: Mounting plugin MatineeToLevelSequence
LogPluginManager: Mounting plugin MovieRenderPipeline
LogPluginManager: Mounting plugin TemplateSequence
LogPluginManager: Mounting plugin NetcodeUnitTest
LogPluginManager: Mounting plugin NUTUnrealEngine4
LogPluginManager: Mounting plugin OnlineSubsystemGooglePlay
LogPluginManager: Mounting plugin OnlineSubsystemIOS
LogPluginManager: Mounting plugin OnlineSubsystem
LogPluginManager: Mounting plugin OnlineSubsystemNull
LogPluginManager: Mounting plugin OnlineSubsystemUtils
LogPluginManager: Mounting plugin LauncherChunkInstaller
LogPluginManager: Mounting plugin AndroidDeviceProfileSelector
LogPluginManager: Mounting plugin AndroidMoviePlayer
LogPluginManager: Mounting plugin AndroidPermission
LogPluginManager: Mounting plugin AppleImageUtils
LogPluginManager: Mounting plugin AppleMoviePlayer
LogPluginManager: Mounting plugin ArchVisCharacter
LogPluginManager: Mounting plugin AssetTags
LogPluginManager: Mounting plugin AudioCapture
LogPluginManager: Mounting plugin CableComponent
LogPluginManager: Mounting plugin CustomMeshComponent
LogPluginManager: Mounting plugin EditableMesh
LogPluginManager: Mounting plugin ExampleDeviceProfileSelector
LogPluginManager: Mounting plugin GoogleCloudMessaging
LogPluginManager: Mounting plugin GooglePAD
LogPluginManager: Mounting plugin IOSDeviceProfileSelector
LogPluginManager: Mounting plugin LinuxDeviceProfileSelector
LogPluginManager: Mounting plugin LocationServicesBPLibrary
LogPluginManager: Mounting plugin MobilePatchingUtils
LogPluginManager: Mounting plugin OculusVR
LogPluginManager: Mounting plugin PhysXVehicles
LogPluginManager: Mounting plugin PostSplashScreen
LogPluginManager: Mounting plugin ProceduralMeshComponent
LogPluginManager: Mounting plugin RuntimePhysXCooking
LogPluginManager: Mounting plugin SignificanceManager
LogPluginManager: Mounting plugin SoundFields
LogPluginManager: Mounting plugin SteamVR
LogPluginManager: Mounting plugin Synthesis
LogPluginManager: Mounting plugin WebMMoviePlayer
LogPluginManager: Mounting plugin WindowsMoviePlayer
LogPluginManager: Mounting plugin ScreenshotTools
LogInit: Using libcurl 7.55.1-DEV
LogInit:  - built for x86_64-pc-win32
LogInit:  - supports SSL with OpenSSL/1.1.1
LogInit:  - supports HTTP deflate (compression) using libz 1.2.8
LogInit:  - other features:
LogInit:      CURL_VERSION_SSL
LogInit:      CURL_VERSION_LIBZ
LogInit:      CURL_VERSION_IPV6
LogInit:      CURL_VERSION_ASYNCHDNS
LogInit:      CURL_VERSION_LARGEFILE
LogInit:      CURL_VERSION_IDN
LogInit:  CurlRequestOptions (configurable via config and command line):
LogInit:  - bVerifyPeer = true  - Libcurl will verify peer certificate
LogInit:  - bUseHttpProxy = false  - Libcurl will NOT use HTTP proxy
LogInit:  - bDontReuseConnections = false  - Libcurl will reuse connections
LogInit:  - MaxHostConnections = 16  - Libcurl will limit the number of connections to a host
LogInit:  - LocalHostAddr = Default
LogInit:  - BufferSize = 65536
LogOnline: OSS: Creating online subsystem instance for: NULL
LogInit: WinSock: version 1.1 (2.2), MaxSocks=32767, MaxUdp=65467
LogOnline: OSS: TryLoadSubsystemAndSetDefault: Loaded subsystem for module [NULL]
LogInit: Build: ++UE4+Release-4.25-CL-13942748
LogInit: Engine Version: 4.25.3-13942748+++UE4+Release-4.25
LogInit: Compatible Engine Version: 4.25.0-13144385+++UE4+Release-4.25
LogInit: Net CL: 13144385
LogInit: OS: Windows 10 (Release 1903) (), CPU: Intel(R) Core(TM) i7-6700K CPU @ 4.00GHz, GPU: NVIDIA GeForce GTX 1080
LogInit: Compiled (64-bit): Jul 25 2020 02:07:48
LogInit: Compiled with Visual C++: 19.24.28315.00
LogInit: Build Configuration: Development
LogInit: Branch Name: ++UE4+Release-4.25
LogInit: Command Line:  -EpicPortal -epicusername=Vanny -epicuserid=9a9196f14a724619935b437c1975558f -epiclocale=en
LogInit: Base Directory: C:/UE4/UE_4.25/Engine/Binaries/Win64/
LogInit: Allocator: TBB
LogInit: Installed Engine Build: 1
LogDevObjectVersion: Number of dev versions registered: 26
LogDevObjectVersion:   Dev-Blueprints (B0D832E4-1F89-4F0D-ACCF-7EB736FD4AA2): 10
LogDevObjectVersion:   Dev-Build (E1C64328-A22C-4D53-A36C-8E866417BD8C): 0
LogDevObjectVersion:   Dev-Core (375EC13C-06E4-48FB-B500-84F0262A717E): 4
LogDevObjectVersion:   Dev-Editor (E4B068ED-F494-42E9-A231-DA0B2E46BB41): 38
LogDevObjectVersion:   Dev-Framework (CFFC743F-43B0-4480-9391-14DF171D2073): 37
LogDevObjectVersion:   Dev-Mobile (B02B49B5-BB20-44E9-A304-32B752E40360): 2
LogDevObjectVersion:   Dev-Networking (A4E4105C-59A1-49B5-A7C5-40C4547EDFEE): 0
LogDevObjectVersion:   Dev-Online (39C831C9-5AE6-47DC-9A44-9C173E1C8E7C): 0
LogDevObjectVersion:   Dev-Physics (78F01B33-EBEA-4F98-B9B4-84EACCB95AA2): 4
LogDevObjectVersion:   Dev-Platform (6631380F-2D4D-43E0-8009-CF276956A95A): 0
LogDevObjectVersion:   Dev-Rendering (12F88B9F-8875-4AFC-A67C-D90C383ABD29): 43
LogDevObjectVersion:   Dev-Sequencer (7B5AE74C-D270-4C10-A958-57980B212A5A): 12
LogDevObjectVersion:   Dev-VR (D7296918-1DD6-4BDD-9DE2-64A83CC13884): 3
LogDevObjectVersion:   Dev-LoadTimes (C2A15278-BFE7-4AFE-6C17-90FF531DF755): 1
LogDevObjectVersion:   Private-Geometry (6EACA3D4-40EC-4CC1-B786-8BED09428FC5): 3
LogDevObjectVersion:   Dev-AnimPhys (29E575DD-E0A3-4627-9D10-D276232CDCEA): 17
LogDevObjectVersion:   Dev-Anim (AF43A65D-7FD3-4947-9873-3E8ED9C1BB05): 7
LogDevObjectVersion:   Dev-ReflectionCapture (6B266CEC-1EC7-4B8F-A30B-E4D90942FC07): 1
LogDevObjectVersion:   Dev-Automation (0DF73D61-A23F-47EA-B727-89E90C41499A): 1
LogDevObjectVersion:   FortniteMain (601D1886-AC64-4F84-AA16-D3DE0DEAC7D6): 31
LogDevObjectVersion:   Dev-Enterprise (9DFFBCD6-494F-0158-E221-12823C92A888): 10
LogDevObjectVersion:   Dev-Niagara (F2AED0AC-9AFE-416F-8664-AA7FFA26D6FC): 1
LogDevObjectVersion:   Dev-Destruction (174F1F0B-B4C6-45A5-B13F-2EE8D0FB917D): 10
LogDevObjectVersion:   Dev-Physics-Ext (35F94A83-E258-406C-A318-09F59610247C): 37
LogDevObjectVersion:   Dev-PhysicsMaterial-Chaos (B68FC16E-8B1B-42E2-B453-215C058844FE): 1
LogDevObjectVersion:   Dev-CineCamera (B2E18506-4273-CFC2-A54E-F4BB758BBA07): 1
LogInit: Presizing for max 25165824 objects, including 0 objects not considered by GC, pre-allocating 0 bytes for permanent pool.
LogConfig: Applying CVar settings from Section [/Script/Engine.StreamingSettings] File [D:/UnrealEngine 4/Projects/ToBeNamed_RPG2/ToBeNamed-RPG/ToBeNamed_RPG/Saved/Config/Windows/Engine.ini]
LogConfig: Setting CVar [[s.MinBulkDataSizeForAsyncLoading:131072]]
LogConfig: Setting CVar [[s.AsyncLoadingThreadEnabled:0]]
LogConfig: Setting CVar [[s.EventDrivenLoaderEnabled:1]]
LogConfig: Setting CVar [[s.WarnIfTimeLimitExceeded:0]]
LogConfig: Setting CVar [[s.TimeLimitExceededMultiplier:1.5]]
LogConfig: Setting CVar [[s.TimeLimitExceededMinTime:0.005]]
LogConfig: Setting CVar [[s.UseBackgroundLevelStreaming:1]]
LogConfig: Setting CVar [[s.PriorityAsyncLoadingExtraTime:15.0]]
LogConfig: Setting CVar [[s.LevelStreamingActorsUpdateTimeLimit:5.0]]
LogConfig: Setting CVar [[s.PriorityLevelStreamingActorsUpdateExtraTime:5.0]]
LogConfig: Setting CVar [[s.LevelStreamingComponentsRegistrationGranularity:10]]
LogConfig: Setting CVar [[s.UnregisterComponentsTimeLimit:1.0]]
LogConfig: Setting CVar [[s.LevelStreamingComponentsUnregistrationGranularity:5]]
LogConfig: Setting CVar [[s.FlushStreamingOnExit:1]]
LogInit: Object subsystem initialized
LogConfig: Setting CVar [[con.DebugEarlyDefault:1]]
LogConfig: Setting CVar [[r.setres:1280x720]]
[2020.08.15-08.40.08:188][  0]LogConfig: Setting CVar [[r.VSync:0]]
[2020.08.15-08.40.08:188][  0]LogConfig: Setting CVar [[r.RHICmdBypass:0]]
[2020.08.15-08.40.08:188][  0]LogConfig: Applying CVar settings from Section [/Script/Engine.RendererSettings] File [D:/UnrealEngine 4/Projects/ToBeNamed_RPG2/ToBeNamed-RPG/ToBeNamed_RPG/Saved/Config/Windows/Engine.ini]
[2020.08.15-08.40.08:188][  0]LogConfig: Setting CVar [[r.GPUCrashDebugging:0]]
[2020.08.15-08.40.08:188][  0]LogConfig: Applying CVar settings from Section [/Script/Engine.RendererOverrideSettings] File [D:/UnrealEngine 4/Projects/ToBeNamed_RPG2/ToBeNamed-RPG/ToBeNamed_RPG/Saved/Config/Windows/Engine.ini]
[2020.08.15-08.40.08:188][  0]LogConfig: Applying CVar settings from Section [/Script/Engine.StreamingSettings] File [D:/UnrealEngine 4/Projects/ToBeNamed_RPG2/ToBeNamed-RPG/ToBeNamed_RPG/Saved/Config/Windows/Engine.ini]
[2020.08.15-08.40.08:188][  0]LogConfig: Setting CVar [[s.MinBulkDataSizeForAsyncLoading:131072]]
[2020.08.15-08.40.08:188][  0]LogConfig: Setting CVar [[s.AsyncLoadingThreadEnabled:0]]
[2020.08.15-08.40.08:188][  0]LogConfig: Setting CVar [[s.EventDrivenLoaderEnabled:1]]
[2020.08.15-08.40.08:188][  0]LogConfig: Setting CVar [[s.WarnIfTimeLimitExceeded:0]]
[2020.08.15-08.40.08:188][  0]LogConfig: Setting CVar [[s.TimeLimitExceededMultiplier:1.5]]
[2020.08.15-08.40.08:188][  0]LogConfig: Setting CVar [[s.TimeLimitExceededMinTime:0.005]]
[2020.08.15-08.40.08:188][  0]LogConfig: Setting CVar [[s.UseBackgroundLevelStreaming:1]]
[2020.08.15-08.40.08:188][  0]LogConfig: Setting CVar [[s.PriorityAsyncLoadingExtraTime:15.0]]
[2020.08.15-08.40.08:188][  0]LogConfig: Setting CVar [[s.LevelStreamingActorsUpdateTimeLimit:5.0]]
[2020.08.15-08.40.08:188][  0]LogConfig: Setting CVar [[s.PriorityLevelStreamingActorsUpdateExtraTime:5.0]]
[2020.08.15-08.40.08:188][  0]LogConfig: Setting CVar [[s.LevelStreamingComponentsRegistrationGranularity:10]]
[2020.08.15-08.40.08:188][  0]LogConfig: Setting CVar [[s.UnregisterComponentsTimeLimit:1.0]]
[2020.08.15-08.40.08:188][  0]LogConfig: Setting CVar [[s.LevelStreamingComponentsUnregistrationGranularity:5]]
[2020.08.15-08.40.08:188][  0]LogConfig: Setting CVar [[s.FlushStreamingOnExit:1]]
[2020.08.15-08.40.08:188][  0]LogConfig: Applying CVar settings from Section [/Script/Engine.GarbageCollectionSettings] File [D:/UnrealEngine 4/Projects/ToBeNamed_RPG2/ToBeNamed-RPG/ToBeNamed_RPG/Saved/Config/Windows/Engine.ini]
[2020.08.15-08.40.08:188][  0]LogConfig: Setting CVar [[gc.MaxObjectsNotConsideredByGC:1]]
[2020.08.15-08.40.08:188][  0]LogConfig: Setting CVar [[gc.SizeOfPermanentObjectPool:0]]
[2020.08.15-08.40.08:188][  0]LogConfig: Setting CVar [[gc.FlushStreamingOnGC:0]]
[2020.08.15-08.40.08:188][  0]LogConfig: Setting CVar [[gc.NumRetriesBeforeForcingGC:10]]
[2020.08.15-08.40.08:188][  0]LogConfig: Setting CVar [[gc.AllowParallelGC:1]]
[2020.08.15-08.40.08:188][  0]LogConfig: Setting CVar [[gc.TimeBetweenPurgingPendingKillObjects:61.1]]
[2020.08.15-08.40.08:188][  0]LogConfig: Setting CVar [[gc.MaxObjectsInEditor:25165824]]
[2020.08.15-08.40.08:188][  0]LogConfig: Setting CVar [[gc.IncrementalBeginDestroyEnabled:1]]
[2020.08.15-08.40.08:188][  0]LogConfig: Setting CVar [[gc.CreateGCClusters:1]]
[2020.08.15-08.40.08:188][  0]LogConfig: Setting CVar [[gc.MinGCClusterSize:5]]
[2020.08.15-08.40.08:188][  0]LogConfig: Setting CVar [[gc.ActorClusteringEnabled:0]]
[2020.08.15-08.40.08:188][  0]LogConfig: Setting CVar [[gc.BlueprintClusteringEnabled:0]]
[2020.08.15-08.40.08:188][  0]LogConfig: Setting CVar [[gc.UseDisregardForGCOnDedicatedServers:0]]
[2020.08.15-08.40.08:188][  0]LogConfig: Applying CVar settings from Section [/Script/Engine.NetworkSettings] File [D:/UnrealEngine 4/Projects/ToBeNamed_RPG2/ToBeNamed-RPG/ToBeNamed_RPG/Saved/Config/Windows/Engine.ini]
[2020.08.15-08.40.08:188][  0]LogConfig: Applying CVar settings from Section [/Script/UnrealEd.CookerSettings] File [D:/UnrealEngine 4/Projects/ToBeNamed_RPG2/ToBeNamed-RPG/ToBeNamed_RPG/Saved/Config/Windows/Engine.ini]
[2020.08.15-08.40.08:194][  0]LogConfig: Applying CVar settings from Section [ViewDistanceQuality@3] File [D:/UnrealEngine 4/Projects/ToBeNamed_RPG2/ToBeNamed-RPG/ToBeNamed_RPG/Saved/Config/Windows/Scalability.ini]
[2020.08.15-08.40.08:194][  0]LogConfig: Setting CVar [[r.SkeletalMeshLODBias:0]]
[2020.08.15-08.40.08:194][  0]LogConfig: Setting CVar [[r.ViewDistanceScale:1.0]]
[2020.08.15-08.40.08:194][  0]LogConfig: Applying CVar settings from Section [AntiAliasingQuality@3] File [D:/UnrealEngine 4/Projects/ToBeNamed_RPG2/ToBeNamed-RPG/ToBeNamed_RPG/Saved/Config/Windows/Scalability.ini]
[2020.08.15-08.40.08:194][  0]LogConfig: Setting CVar [[r.PostProcessAAQuality:4]]
[2020.08.15-08.40.08:194][  0]LogConfig: Applying CVar settings from Section [ShadowQuality@3] File [D:/UnrealEngine 4/Projects/ToBeNamed_RPG2/ToBeNamed-RPG/ToBeNamed_RPG/Saved/Config/Windows/Scalability.ini]
[2020.08.15-08.40.08:194][  0]LogConfig: Setting CVar [[r.LightFunctionQuality:1]]
[2020.08.15-08.40.08:194][  0]LogConfig: Setting CVar [[r.ShadowQuality:5]]
[2020.08.15-08.40.08:194][  0]LogConfig: Setting CVar [[r.Shadow.CSM.MaxCascades:10]]
[2020.08.15-08.40.08:194][  0]LogConfig: Setting CVar [[r.Shadow.MaxResolution:2048]]
[2020.08.15-08.40.08:194][  0]LogConfig: Setting CVar [[r.Shadow.MaxCSMResolution:2048]]
[2020.08.15-08.40.08:194][  0]LogConfig: Setting CVar [[r.Shadow.RadiusThreshold:0.01]]
[2020.08.15-08.40.08:194][  0]LogConfig: Setting CVar [[r.Shadow.DistanceScale:1.0]]
[2020.08.15-08.40.08:194][  0]LogConfig: Setting CVar [[r.Shadow.CSM.TransitionScale:1.0]]
[2020.08.15-08.40.08:194][  0]LogConfig: Setting CVar [[r.Shadow.PreShadowResolutionFactor:1.0]]
[2020.08.15-08.40.08:194][  0]LogConfig: Setting CVar [[r.DistanceFieldShadowing:1]]
[2020.08.15-08.40.08:194][  0]LogConfig: Setting CVar [[r.DistanceFieldAO:1]]
[2020.08.15-08.40.08:194][  0]LogConfig: Setting CVar [[r.AOQuality:2]]
[2020.08.15-08.40.08:194][  0]LogConfig: Setting CVar [[r.VolumetricFog:1]]
[2020.08.15-08.40.08:194][  0]LogConfig: Setting CVar [[r.VolumetricFog.GridPixelSize:8]]
[2020.08.15-08.40.08:194][  0]LogConfig: Setting CVar [[r.VolumetricFog.GridSizeZ:128]]
[2020.08.15-08.40.08:194][  0]LogConfig: Setting CVar [[r.VolumetricFog.HistoryMissSupersampleCount:4]]
[2020.08.15-08.40.08:194][  0]LogConfig: Setting CVar [[r.LightMaxDrawDistanceScale:1]]
[2020.08.15-08.40.08:194][  0]LogConfig: Setting CVar [[r.CapsuleShadows:1]]
[2020.08.15-08.40.08:194][  0]LogConfig: Applying CVar settings from Section [PostProcessQuality@3] File [D:/UnrealEngine 4/Projects/ToBeNamed_RPG2/ToBeNamed-RPG/ToBeNamed_RPG/Saved/Config/Windows/Scalability.ini]
[2020.08.15-08.40.08:194][  0]LogConfig: Setting CVar [[r.MotionBlurQuality:4]]
[2020.08.15-08.40.08:194][  0]LogConfig: Setting CVar [[r.AmbientOcclusionMipLevelFactor:0.4]]
[2020.08.15-08.40.08:194][  0]LogConfig: Setting CVar [[r.AmbientOcclusionMaxQuality:100]]
[2020.08.15-08.40.08:194][  0]LogConfig: Setting CVar [[r.AmbientOcclusionLevels:-1]]
[2020.08.15-08.40.08:195][  0]LogConfig: Setting CVar [[r.AmbientOcclusionRadiusScale:1.0]]
[2020.08.15-08.40.08:195][  0]LogConfig: Setting CVar [[r.DepthOfFieldQuality:2]]
[2020.08.15-08.40.08:195][  0]LogConfig: Setting CVar [[r.RenderTargetPoolMin:400]]
[2020.08.15-08.40.08:195][  0]LogConfig: Setting CVar [[r.LensFlareQuality:2]]
[2020.08.15-08.40.08:195][  0]LogConfig: Setting CVar [[r.SceneColorFringeQuality:1]]
[2020.08.15-08.40.08:195][  0]LogConfig: Setting CVar [[r.EyeAdaptationQuality:2]]
[2020.08.15-08.40.08:195][  0]LogConfig: Setting CVar [[r.BloomQuality:5]]
[2020.08.15-08.40.08:195][  0]LogConfig: Setting CVar [[r.FastBlurThreshold:100]]
[2020.08.15-08.40.08:195][  0]LogConfig: Setting CVar [[r.Upscale.Quality:3]]
[2020.08.15-08.40.08:195][  0]LogConfig: Setting CVar [[r.Tonemapper.GrainQuantization:1]]
[2020.08.15-08.40.08:195][  0]LogConfig: Setting CVar [[r.LightShaftQuality:1]]
[2020.08.15-08.40.08:195][  0]LogConfig: Setting CVar [[r.Filter.SizeScale:1]]
[2020.08.15-08.40.08:195][  0]LogConfig: Setting CVar [[r.Tonemapper.Quality:5]]
[2020.08.15-08.40.08:195][  0]LogConfig: Setting CVar [[r.DOF.Gather.AccumulatorQuality:1        ; higher gathering accumulator quality]]
[2020.08.15-08.40.08:195][  0]LogConfig: Setting CVar [[r.DOF.Gather.PostfilterMethod:1          ; Median3x3 postfilering method]]
[2020.08.15-08.40.08:195][  0]LogConfig: Setting CVar [[r.DOF.Gather.EnableBokehSettings:0       ; no bokeh simulation when gathering]]
[2020.08.15-08.40.08:195][  0]LogConfig: Setting CVar [[r.DOF.Gather.RingCount:4                 ; medium number of samples when gathering]]
[2020.08.15-08.40.08:195][  0]LogConfig: Setting CVar [[r.DOF.Scatter.ForegroundCompositing:1    ; additive foreground scattering]]
[2020.08.15-08.40.08:195][  0]LogConfig: Setting CVar [[r.DOF.Scatter.BackgroundCompositing:2    ; additive background scattering]]
[2020.08.15-08.40.08:195][  0]LogConfig: Setting CVar [[r.DOF.Scatter.EnableBokehSettings:1      ; bokeh simulation when scattering]]
[2020.08.15-08.40.08:195][  0]LogConfig: Setting CVar [[r.DOF.Scatter.MaxSpriteRatio:0.1         ; only a maximum of 10% of scattered bokeh]]
[2020.08.15-08.40.08:195][  0]LogConfig: Setting CVar [[r.DOF.Recombine.Quality:1                ; cheap slight out of focus]]
[2020.08.15-08.40.08:195][  0]LogConfig: Setting CVar [[r.DOF.Recombine.EnableBokehSettings:0    ; no bokeh simulation on slight out of focus]]
[2020.08.15-08.40.08:195][  0]LogConfig: Setting CVar [[r.DOF.TemporalAAQuality:1                ; more stable temporal accumulation]]
[2020.08.15-08.40.08:195][  0]LogConfig: Setting CVar [[r.DOF.Kernel.MaxForegroundRadius:0.025]]
[2020.08.15-08.40.08:195][  0]LogConfig: Setting CVar [[r.DOF.Kernel.MaxBackgroundRadius:0.025]]
[2020.08.15-08.40.08:195][  0]LogConfig: Applying CVar settings from Section [TextureQuality@3] File [D:/UnrealEngine 4/Projects/ToBeNamed_RPG2/ToBeNamed-RPG/ToBeNamed_RPG/Saved/Config/Windows/Scalability.ini]
[2020.08.15-08.40.08:195][  0]LogConfig: Setting CVar [[r.Streaming.MipBias:0]]
[2020.08.15-08.40.08:195][  0]LogConfig: Setting CVar [[r.Streaming.AmortizeCPUToGPUCopy:0]]
[2020.08.15-08.40.08:195][  0]LogConfig: Setting CVar [[r.Streaming.MaxNumTexturesToStreamPerFrame:0]]
[2020.08.15-08.40.08:195][  0]LogConfig: Setting CVar [[r.Streaming.Boost:1]]
[2020.08.15-08.40.08:195][  0]LogConfig: Setting CVar [[r.MaxAnisotropy:8]]
[2020.08.15-08.40.08:195][  0]LogConfig: Setting CVar [[r.VT.MaxAnisotropy:8]]
[2020.08.15-08.40.08:195][  0]LogConfig: Setting CVar [[r.Streaming.LimitPoolSizeToVRAM:0]]
[2020.08.15-08.40.08:195][  0]LogConfig: Setting CVar [[r.Streaming.PoolSize:1000]]
[2020.08.15-08.40.08:195][  0]LogConfig: Setting CVar [[r.Streaming.MaxEffectiveScreenSize:0]]
[2020.08.15-08.40.08:195][  0]LogConfig: Applying CVar settings from Section [EffectsQuality@3] File [D:/UnrealEngine 4/Projects/ToBeNamed_RPG2/ToBeNamed-RPG/ToBeNamed_RPG/Saved/Config/Windows/Scalability.ini]
[2020.08.15-08.40.08:195][  0]LogConfig: Setting CVar [[r.TranslucencyLightingVolumeDim:64]]
[2020.08.15-08.40.08:195][  0]LogConfig: Setting CVar [[r.RefractionQuality:2]]
[2020.08.15-08.40.08:195][  0]LogConfig: Setting CVar [[r.SSR.Quality:3]]
[2020.08.15-08.40.08:195][  0]LogConfig: Setting CVar [[r.SSR.HalfResSceneColor:0]]
[2020.08.15-08.40.08:195][  0]LogConfig: Setting CVar [[r.SceneColorFormat:4]]
[2020.08.15-08.40.08:195][  0]LogConfig: Setting CVar [[r.DetailMode:2]]
[2020.08.15-08.40.08:195][  0]LogConfig: Setting CVar [[r.TranslucencyVolumeBlur:1]]
[2020.08.15-08.40.08:195][  0]LogConfig: Setting CVar [[r.MaterialQualityLevel:1 ; High quality]]
[2020.08.15-08.40.08:195][  0]LogConfig: Setting CVar [[r.SSS.Scale:1]]
[2020.08.15-08.40.08:195][  0]LogConfig: Setting CVar [[r.SSS.SampleSet:2]]
[2020.08.15-08.40.08:195][  0]LogConfig: Setting CVar [[r.SSS.Quality:1]]
[2020.08.15-08.40.08:195][  0]LogConfig: Setting CVar [[r.SSS.HalfRes:0]]
[2020.08.15-08.40.08:195][  0]LogConfig: Setting CVar [[r.SSGI.Quality:3]]
[2020.08.15-08.40.08:195][  0]LogConfig: Setting CVar [[r.EmitterSpawnRateScale:1.0]]
[2020.08.15-08.40.08:195][  0]LogConfig: Setting CVar [[r.ParticleLightQuality:2]]
[2020.08.15-08.40.08:195][  0]LogConfig: Setting CVar [[r.SkyAtmosphere.AerialPerspectiveLUT.FastApplyOnOpaque:1 ; Always have FastSkyLUT 1 in this case to avoid wrong sky]]
[2020.08.15-08.40.08:195][  0]LogConfig: Setting CVar [[r.SkyAtmosphere.AerialPerspectiveLUT.SampleCountPerSlice:1]]
[2020.08.15-08.40.08:195][  0]LogConfig: Setting CVar [[r.SkyAtmosphere.AerialPerspectiveLUT.DepthResolution:16.0]]
[2020.08.15-08.40.08:195][  0]LogConfig: Setting CVar [[r.SkyAtmosphere.FastSkyLUT:1]]
[2020.08.15-08.40.08:195][  0]LogConfig: Setting CVar [[r.SkyAtmosphere.FastSkyLUT.SampleCountMin:4.0]]
[2020.08.15-08.40.08:195][  0]LogConfig: Setting CVar [[r.SkyAtmosphere.FastSkyLUT.SampleCountMax:32.0]]
[2020.08.15-08.40.08:195][  0]LogConfig: Setting CVar [[r.SkyAtmosphere.SampleCountMin:4.0]]
[2020.08.15-08.40.08:195][  0]LogConfig: Setting CVar [[r.SkyAtmosphere.SampleCountMax:32.0]]
[2020.08.15-08.40.08:195][  0]LogConfig: Setting CVar [[r.SkyAtmosphere.TransmittanceLUT.UseSmallFormat:0]]
[2020.08.15-08.40.08:195][  0]LogConfig: Setting CVar [[r.SkyAtmosphere.TransmittanceLUT.SampleCount:10.0]]
[2020.08.15-08.40.08:195][  0]LogConfig: Setting CVar [[r.SkyAtmosphere.MultiScatteringLUT.SampleCount:15.0]]
[2020.08.15-08.40.08:195][  0]LogConfig: Applying CVar settings from Section [FoliageQuality@3] File [D:/UnrealEngine 4/Projects/ToBeNamed_RPG2/ToBeNamed-RPG/ToBeNamed_RPG/Saved/Config/Windows/Scalability.ini]
[2020.08.15-08.40.08:195][  0]LogConfig: Setting CVar [[foliage.DensityScale:1.0]]
[2020.08.15-08.40.08:195][  0]LogConfig: Setting CVar [[grass.DensityScale:1.0]]
[2020.08.15-08.40.08:195][  0]LogConfig: Applying CVar settings from Section [ShadingQuality@3] File [D:/UnrealEngine 4/Projects/ToBeNamed_RPG2/ToBeNamed-RPG/ToBeNamed_RPG/Saved/Config/Windows/Scalability.ini]
[2020.08.15-08.40.08:195][  0]LogConfig: Setting CVar [[r.HairStrands.SkyLighting.SampleCount:16]]
[2020.08.15-08.40.08:195][  0]LogConfig: Setting CVar [[r.HairStrands.SkyLighting.JitterIntegration:0]]
[2020.08.15-08.40.08:195][  0]LogConfig: Setting CVar [[r.HairStrands.SkyAO.SampleCount:16]]
[2020.08.15-08.40.08:195][  0]LogConfig: Setting CVar [[r.HairStrands.DeepShadow.SuperSampling:0]]
[2020.08.15-08.40.08:195][  0]LogConfig: Setting CVar [[r.HairStrands.VisibilityPPLL:0]]
[2020.08.15-08.40.08:195][  0]LogConfig: Setting CVar [[r.HairStrands.RasterizationScale:0.5]]
[2020.08.15-08.40.08:195][  0]LogConfig: Setting CVar [[r.HairStrands.VelocityRasterizationScale:1]]
[2020.08.15-08.40.08:195][  0]LogInit: Selected Device Profile: [Windows]
[2020.08.15-08.40.08:195][  0]LogInit: Applying CVar settings loaded from the selected device profile: [Windows]
[2020.08.15-08.40.08:195][  0]LogHAL: Display: Platform has ~ 32 GB [34298937344 / 34359738368 / 32], which maps to Largest [LargestMinGB=32, LargerMinGB=12, DefaultMinGB=8, SmallerMinGB=6, SmallestMinGB=0)
[2020.08.15-08.40.08:196][  0]LogInit: Going up to parent DeviceProfile []
[2020.08.15-08.40.08:196][  0]LogConfig: Applying CVar settings from Section [ViewDistanceQuality@3] File [D:/UnrealEngine 4/Projects/ToBeNamed_RPG2/ToBeNamed-RPG/ToBeNamed_RPG/Saved/Config/Windows/Scalability.ini]
[2020.08.15-08.40.08:196][  0]LogConfig: Setting CVar [[r.SkeletalMeshLODBias:0]]
[2020.08.15-08.40.08:196][  0]LogConfig: Setting CVar [[r.ViewDistanceScale:1.0]]
[2020.08.15-08.40.08:196][  0]LogConfig: Applying CVar settings from Section [AntiAliasingQuality@3] File [D:/UnrealEngine 4/Projects/ToBeNamed_RPG2/ToBeNamed-RPG/ToBeNamed_RPG/Saved/Config/Windows/Scalability.ini]
[2020.08.15-08.40.08:196][  0]LogConfig: Setting CVar [[r.PostProcessAAQuality:4]]
[2020.08.15-08.40.08:196][  0]LogConfig: Applying CVar settings from Section [ShadowQuality@3] File [D:/UnrealEngine 4/Projects/ToBeNamed_RPG2/ToBeNamed-RPG/ToBeNamed_RPG/Saved/Config/Windows/Scalability.ini]
[2020.08.15-08.40.08:196][  0]LogConfig: Setting CVar [[r.LightFunctionQuality:1]]
[2020.08.15-08.40.08:196][  0]LogConfig: Setting CVar [[r.ShadowQuality:5]]
[2020.08.15-08.40.08:196][  0]LogConfig: Setting CVar [[r.Shadow.CSM.MaxCascades:10]]
[2020.08.15-08.40.08:196][  0]LogConfig: Setting CVar [[r.Shadow.MaxResolution:2048]]
[2020.08.15-08.40.08:196][  0]LogConfig: Setting CVar [[r.Shadow.MaxCSMResolution:2048]]
[2020.08.15-08.40.08:196][  0]LogConfig: Setting CVar [[r.Shadow.RadiusThreshold:0.01]]
[2020.08.15-08.40.08:196][  0]LogConfig: Setting CVar [[r.Shadow.DistanceScale:1.0]]
[2020.08.15-08.40.08:196][  0]LogConfig: Setting CVar [[r.Shadow.CSM.TransitionScale:1.0]]
[2020.08.15-08.40.08:196][  0]LogConfig: Setting CVar [[r.Shadow.PreShadowResolutionFactor:1.0]]
[2020.08.15-08.40.08:196][  0]LogConfig: Setting CVar [[r.DistanceFieldShadowing:1]]
[2020.08.15-08.40.08:196][  0]LogConfig: Setting CVar [[r.DistanceFieldAO:1]]
[2020.08.15-08.40.08:196][  0]LogConfig: Setting CVar [[r.AOQuality:2]]
[2020.08.15-08.40.08:196][  0]LogConfig: Setting CVar [[r.VolumetricFog:1]]
[2020.08.15-08.40.08:196][  0]LogConfig: Setting CVar [[r.VolumetricFog.GridPixelSize:8]]
[2020.08.15-08.40.08:196][  0]LogConfig: Setting CVar [[r.VolumetricFog.GridSizeZ:128]]
[2020.08.15-08.40.08:196][  0]LogConfig: Setting CVar [[r.VolumetricFog.HistoryMissSupersampleCount:4]]
[2020.08.15-08.40.08:196][  0]LogConfig: Setting CVar [[r.LightMaxDrawDistanceScale:1]]
[2020.08.15-08.40.08:196][  0]LogConfig: Setting CVar [[r.CapsuleShadows:1]]
[2020.08.15-08.40.08:196][  0]LogConfig: Applying CVar settings from Section [PostProcessQuality@3] File [D:/UnrealEngine 4/Projects/ToBeNamed_RPG2/ToBeNamed-RPG/ToBeNamed_RPG/Saved/Config/Windows/Scalability.ini]
[2020.08.15-08.40.08:196][  0]LogConfig: Setting CVar [[r.MotionBlurQuality:4]]
[2020.08.15-08.40.08:196][  0]LogConfig: Setting CVar [[r.AmbientOcclusionMipLevelFactor:0.4]]
[2020.08.15-08.40.08:196][  0]LogConfig: Setting CVar [[r.AmbientOcclusionMaxQuality:100]]
[2020.08.15-08.40.08:196][  0]LogConfig: Setting CVar [[r.AmbientOcclusionLevels:-1]]
[2020.08.15-08.40.08:196][  0]LogConfig: Setting CVar [[r.AmbientOcclusionRadiusScale:1.0]]
[2020.08.15-08.40.08:196][  0]LogConfig: Setting CVar [[r.DepthOfFieldQuality:2]]
[2020.08.15-08.40.08:196][  0]LogConfig: Setting CVar [[r.RenderTargetPoolMin:400]]
[2020.08.15-08.40.08:196][  0]LogConfig: Setting CVar [[r.LensFlareQuality:2]]
[2020.08.15-08.40.08:196][  0]LogConfig: Setting CVar [[r.SceneColorFringeQuality:1]]
[2020.08.15-08.40.08:196][  0]LogConfig: Setting CVar [[r.EyeAdaptationQuality:2]]
[2020.08.15-08.40.08:196][  0]LogConfig: Setting CVar [[r.BloomQuality:5]]
[2020.08.15-08.40.08:196][  0]LogConfig: Setting CVar [[r.FastBlurThreshold:100]]
[2020.08.15-08.40.08:196][  0]LogConfig: Setting CVar [[r.Upscale.Quality:3]]
[2020.08.15-08.40.08:196][  0]LogConfig: Setting CVar [[r.Tonemapper.GrainQuantization:1]]
[2020.08.15-08.40.08:196][  0]LogConfig: Setting CVar [[r.LightShaftQuality:1]]
[2020.08.15-08.40.08:196][  0]LogConfig: Setting CVar [[r.Filter.SizeScale:1]]
[2020.08.15-08.40.08:196][  0]LogConfig: Setting CVar [[r.Tonemapper.Quality:5]]
[2020.08.15-08.40.08:196][  0]LogConfig: Setting CVar [[r.DOF.Gather.AccumulatorQuality:1        ; higher gathering accumulator quality]]
[2020.08.15-08.40.08:196][  0]LogConfig: Setting CVar [[r.DOF.Gather.PostfilterMethod:1          ; Median3x3 postfilering method]]
[2020.08.15-08.40.08:196][  0]LogConfig: Setting CVar [[r.DOF.Gather.EnableBokehSettings:0       ; no bokeh simulation when gathering]]
[2020.08.15-08.40.08:196][  0]LogConfig: Setting CVar [[r.DOF.Gather.RingCount:4                 ; medium number of samples when gathering]]
[2020.08.15-08.40.08:196][  0]LogConfig: Setting CVar [[r.DOF.Scatter.ForegroundCompositing:1    ; additive foreground scattering]]
[2020.08.15-08.40.08:196][  0]LogConfig: Setting CVar [[r.DOF.Scatter.BackgroundCompositing:2    ; additive background scattering]]
[2020.08.15-08.40.08:196][  0]LogConfig: Setting CVar [[r.DOF.Scatter.EnableBokehSettings:1      ; bokeh simulation when scattering]]
[2020.08.15-08.40.08:196][  0]LogConfig: Setting CVar [[r.DOF.Scatter.MaxSpriteRatio:0.1         ; only a maximum of 10% of scattered bokeh]]
[2020.08.15-08.40.08:196][  0]LogConfig: Setting CVar [[r.DOF.Recombine.Quality:1                ; cheap slight out of focus]]
[2020.08.15-08.40.08:196][  0]LogConfig: Setting CVar [[r.DOF.Recombine.EnableBokehSettings:0    ; no bokeh simulation on slight out of focus]]
[2020.08.15-08.40.08:196][  0]LogConfig: Setting CVar [[r.DOF.TemporalAAQuality:1                ; more stable temporal accumulation]]
[2020.08.15-08.40.08:196][  0]LogConfig: Setting CVar [[r.DOF.Kernel.MaxForegroundRadius:0.025]]
[2020.08.15-08.40.08:196][  0]LogConfig: Setting CVar [[r.DOF.Kernel.MaxBackgroundRadius:0.025]]
[2020.08.15-08.40.08:196][  0]LogConfig: Applying CVar settings from Section [TextureQuality@3] File [D:/UnrealEngine 4/Projects/ToBeNamed_RPG2/ToBeNamed-RPG/ToBeNamed_RPG/Saved/Config/Windows/Scalability.ini]
[2020.08.15-08.40.08:196][  0]LogConfig: Setting CVar [[r.Streaming.MipBias:0]]
[2020.08.15-08.40.08:196][  0]LogConfig: Setting CVar [[r.Streaming.AmortizeCPUToGPUCopy:0]]
[2020.08.15-08.40.08:196][  0]LogConfig: Setting CVar [[r.Streaming.MaxNumTexturesToStreamPerFrame:0]]
[2020.08.15-08.40.08:196][  0]LogConfig: Setting CVar [[r.Streaming.Boost:1]]
[2020.08.15-08.40.08:196][  0]LogConfig: Setting CVar [[r.MaxAnisotropy:8]]
[2020.08.15-08.40.08:196][  0]LogConfig: Setting CVar [[r.VT.MaxAnisotropy:8]]
[2020.08.15-08.40.08:196][  0]LogConfig: Setting CVar [[r.Streaming.LimitPoolSizeToVRAM:0]]
[2020.08.15-08.40.08:196][  0]LogConfig: Setting CVar [[r.Streaming.PoolSize:1000]]
[2020.08.15-08.40.08:196][  0]LogConfig: Setting CVar [[r.Streaming.MaxEffectiveScreenSize:0]]
[2020.08.15-08.40.08:196][  0]LogConfig: Applying CVar settings from Section [EffectsQuality@3] File [D:/UnrealEngine 4/Projects/ToBeNamed_RPG2/ToBeNamed-RPG/ToBeNamed_RPG/Saved/Config/Windows/Scalability.ini]
[2020.08.15-08.40.08:196][  0]LogConfig: Setting CVar [[r.TranslucencyLightingVolumeDim:64]]
[2020.08.15-08.40.08:196][  0]LogConfig: Setting CVar [[r.RefractionQuality:2]]
[2020.08.15-08.40.08:196][  0]LogConfig: Setting CVar [[r.SSR.Quality:3]]
[2020.08.15-08.40.08:196][  0]LogConfig: Setting CVar [[r.SSR.HalfResSceneColor:0]]
[2020.08.15-08.40.08:196][  0]LogConfig: Setting CVar [[r.SceneColorFormat:4]]
[2020.08.15-08.40.08:196][  0]LogConfig: Setting CVar [[r.DetailMode:2]]
[2020.08.15-08.40.08:196][  0]LogConfig: Setting CVar [[r.TranslucencyVolumeBlur:1]]
[2020.08.15-08.40.08:196][  0]LogConfig: Setting CVar [[r.MaterialQualityLevel:1 ; High quality]]
[2020.08.15-08.40.08:196][  0]LogConfig: Setting CVar [[r.SSS.Scale:1]]
[2020.08.15-08.40.08:196][  0]LogConfig: Setting CVar [[r.SSS.SampleSet:2]]
[2020.08.15-08.40.08:196][  0]LogConfig: Setting CVar [[r.SSS.Quality:1]]
[2020.08.15-08.40.08:196][  0]LogConfig: Setting CVar [[r.SSS.HalfRes:0]]
[2020.08.15-08.40.08:196][  0]LogConfig: Setting CVar [[r.SSGI.Quality:3]]
[2020.08.15-08.40.08:197][  0]LogConfig: Setting CVar [[r.EmitterSpawnRateScale:1.0]]
[2020.08.15-08.40.08:197][  0]LogConfig: Setting CVar [[r.ParticleLightQuality:2]]
[2020.08.15-08.40.08:197][  0]LogConfig: Setting CVar [[r.SkyAtmosphere.AerialPerspectiveLUT.FastApplyOnOpaque:1 ; Always have FastSkyLUT 1 in this case to avoid wrong sky]]
[2020.08.15-08.40.08:197][  0]LogConfig: Setting CVar [[r.SkyAtmosphere.AerialPerspectiveLUT.SampleCountPerSlice:1]]
[2020.08.15-08.40.08:197][  0]LogConfig: Setting CVar [[r.SkyAtmosphere.AerialPerspectiveLUT.DepthResolution:16.0]]
[2020.08.15-08.40.08:197][  0]LogConfig: Setting CVar [[r.SkyAtmosphere.FastSkyLUT:1]]
[2020.08.15-08.40.08:197][  0]LogConfig: Setting CVar [[r.SkyAtmosphere.FastSkyLUT.SampleCountMin:4.0]]
[2020.08.15-08.40.08:197][  0]LogConfig: Setting CVar [[r.SkyAtmosphere.FastSkyLUT.SampleCountMax:32.0]]
[2020.08.15-08.40.08:197][  0]LogConfig: Setting CVar [[r.SkyAtmosphere.SampleCountMin:4.0]]
[2020.08.15-08.40.08:197][  0]LogConfig: Setting CVar [[r.SkyAtmosphere.SampleCountMax:32.0]]
[2020.08.15-08.40.08:197][  0]LogConfig: Setting CVar [[r.SkyAtmosphere.TransmittanceLUT.UseSmallFormat:0]]
[2020.08.15-08.40.08:197][  0]LogConfig: Setting CVar [[r.SkyAtmosphere.TransmittanceLUT.SampleCount:10.0]]
[2020.08.15-08.40.08:197][  0]LogConfig: Setting CVar [[r.SkyAtmosphere.MultiScatteringLUT.SampleCount:15.0]]
[2020.08.15-08.40.08:197][  0]LogConfig: Applying CVar settings from Section [FoliageQuality@3] File [D:/UnrealEngine 4/Projects/ToBeNamed_RPG2/ToBeNamed-RPG/ToBeNamed_RPG/Saved/Config/Windows/Scalability.ini]
[2020.08.15-08.40.08:197][  0]LogConfig: Setting CVar [[foliage.DensityScale:1.0]]
[2020.08.15-08.40.08:197][  0]LogConfig: Setting CVar [[grass.DensityScale:1.0]]
[2020.08.15-08.40.08:197][  0]LogConfig: Applying CVar settings from Section [ShadingQuality@3] File [D:/UnrealEngine 4/Projects/ToBeNamed_RPG2/ToBeNamed-RPG/ToBeNamed_RPG/Saved/Config/Windows/Scalability.ini]
[2020.08.15-08.40.08:197][  0]LogConfig: Setting CVar [[r.HairStrands.SkyLighting.SampleCount:16]]
[2020.08.15-08.40.08:197][  0]LogConfig: Setting CVar [[r.HairStrands.SkyLighting.JitterIntegration:0]]
[2020.08.15-08.40.08:197][  0]LogConfig: Setting CVar [[r.HairStrands.SkyAO.SampleCount:16]]
[2020.08.15-08.40.08:197][  0]LogConfig: Setting CVar [[r.HairStrands.DeepShadow.SuperSampling:0]]
[2020.08.15-08.40.08:197][  0]LogConfig: Setting CVar [[r.HairStrands.VisibilityPPLL:0]]
[2020.08.15-08.40.08:197][  0]LogConfig: Setting CVar [[r.HairStrands.RasterizationScale:0.5]]
[2020.08.15-08.40.08:197][  0]LogConfig: Setting CVar [[r.HairStrands.VelocityRasterizationScale:1]]
[2020.08.15-08.40.08:197][  0]LogConfig: Applying CVar settings from Section [Startup] File [../../../Engine/Config/ConsoleVariables.ini]
[2020.08.15-08.40.08:197][  0]LogConfig: Setting CVar [[net.UseAdaptiveNetUpdateFrequency:0]]
[2020.08.15-08.40.08:197][  0]LogConfig: Setting CVar [[p.chaos.AllowCreatePhysxBodies:1]]
[2020.08.15-08.40.08:197][  0]LogConfig: Setting CVar [[fx.SkipVectorVMBackendOptimizations:1]]
[2020.08.15-08.40.08:197][  0]LogConfig: Applying CVar settings from Section [ConsoleVariables] File [D:/UnrealEngine 4/Projects/ToBeNamed_RPG2/ToBeNamed-RPG/ToBeNamed_RPG/Saved/Config/Windows/Engine.ini]
[2020.08.15-08.40.08:197][  0]LogInit: Computer: DESKTOP-HKO7BU7
[2020.08.15-08.40.08:197][  0]LogInit: User: babal
[2020.08.15-08.40.08:197][  0]LogInit: CPU Page size=4096, Cores=4
[2020.08.15-08.40.08:197][  0]LogInit: High frequency timer resolution =10.000000 MHz
[2020.08.15-08.40.08:197][  0]LogMemory: Memory total: Physical=31.9GB (32GB approx)
[2020.08.15-08.40.08:197][  0]LogMemory: Platform Memory Stats for Windows
[2020.08.15-08.40.08:197][  0]LogMemory: Process Physical Memory: 115.26 MB used, 115.27 MB peak
[2020.08.15-08.40.08:197][  0]LogMemory: Process Virtual Memory: 96.66 MB used, 96.66 MB peak
[2020.08.15-08.40.08:197][  0]LogMemory: Physical Memory: 11669.09 MB used,  21040.93 MB free, 32710.02 MB total
[2020.08.15-08.40.08:197][  0]LogMemory: Virtual Memory: 5147.98 MB used,  134212576.00 MB free, 134217728.00 MB total
[2020.08.15-08.40.08:204][  0]LogWindows: WindowsPlatformFeatures enabled
[2020.08.15-08.40.08:246][  0]LogInit: Physics initialised using underlying interface: PhysX
[2020.08.15-08.40.08:247][  0]LogInit: Using OS detected language (en-GB).
[2020.08.15-08.40.08:247][  0]LogInit: Using OS detected locale (en-GB).
[2020.08.15-08.40.08:251][  0]LogTextLocalizationManager: No specific localization for 'en-GB' exists, so the 'en' localization will be used.
[2020.08.15-08.40.08:457][  0]LogInit: Setting process to per monitor DPI aware
[2020.08.15-08.40.08:493][  0]LogSlate: New Slate User Created.  User Index 0, Is Virtual User: 0
[2020.08.15-08.40.08:493][  0]LogSlate: Slate User Registered.  User Index 0, Is Virtual User: 0
[2020.08.15-08.40.08:632][  0]LogHMD: Failed to initialize OpenVR with code 110
[2020.08.15-08.40.08:632][  0]LogD3D11RHI: D3D11 min allowed feature level: 11_0
[2020.08.15-08.40.08:632][  0]LogD3D11RHI: D3D11 max allowed feature level: 11_0
[2020.08.15-08.40.08:632][  0]LogD3D11RHI: D3D11 adapters:
[2020.08.15-08.40.08:692][  0]LogD3D11RHI:    0. 'NVIDIA GeForce GTX 1080' (Feature Level 11_0)
[2020.08.15-08.40.08:692][  0]LogD3D11RHI:       8079/0/16355 MB DedicatedVideo/DedicatedSystem/SharedSystem, Outputs:2, VendorId:0x10de
[2020.08.15-08.40.08:695][  0]LogD3D11RHI:    1. 'Microsoft Basic Render Driver' (Feature Level 11_0)
[2020.08.15-08.40.08:695][  0]LogD3D11RHI:       0/0/16355 MB DedicatedVideo/DedicatedSystem/SharedSystem, Outputs:0, VendorId:0x1414
[2020.08.15-08.40.08:695][  0]LogD3D11RHI: Chosen D3D11 Adapter: 0
[2020.08.15-08.40.08:704][  0]LogD3D11RHI: Creating new Direct3DDevice
[2020.08.15-08.40.08:704][  0]LogD3D11RHI:     GPU DeviceId: 0x1b80 (for the marketing name, search the web for "GPU Device Id")
[2020.08.15-08.40.08:704][  0]LogWindows: EnumDisplayDevices:
[2020.08.15-08.40.08:704][  0]LogWindows:    0. 'NVIDIA GeForce GTX 1080' (P:0 D:1)
[2020.08.15-08.40.08:704][  0]LogWindows:    1. 'NVIDIA GeForce GTX 1080' (P:1 D:1)
[2020.08.15-08.40.08:704][  0]LogWindows:    2. 'NVIDIA GeForce GTX 1080' (P:0 D:0)
[2020.08.15-08.40.08:705][  0]LogWindows:    3. 'NVIDIA GeForce GTX 1080' (P:0 D:0)
[2020.08.15-08.40.08:705][  0]LogWindows: DebugString: FoundDriverCount:4 
[2020.08.15-08.40.08:705][  0]LogD3D11RHI:     Adapter Name: NVIDIA GeForce GTX 1080
[2020.08.15-08.40.08:705][  0]LogD3D11RHI:   Driver Version: 451.67 (internal:27.21.14.5167, unified:451.67)
[2020.08.15-08.40.08:705][  0]LogD3D11RHI:      Driver Date: 7-5-2020
[2020.08.15-08.40.08:705][  0]LogRHI: Texture pool is 5655 MB (70% of 8079 MB)
[2020.08.15-08.40.08:751][  0]LogD3D11RHI: RHI has support for 64 bit atomics
[2020.08.15-08.40.08:753][  0]LogD3D11RHI: [Aftermath] Enabled and primed
[2020.08.15-08.40.08:753][  0]LogD3D11RHI: Async texture creation enabled
[2020.08.15-08.40.08:753][  0]LogD3D11RHI: Array index from any shader is supported
[2020.08.15-08.40.08:773][  0]LogD3D11RHI: GPU Timing Frequency: 1000.000000 (Debug: 2 1)
[2020.08.15-08.40.09:080][  0]LogTargetPlatformManager: Display: Loaded TargetPlatform 'AllDesktop'
[2020.08.15-08.40.09:101][  0]LogTargetPlatformManager: Display: Loaded TargetPlatform 'Android'
[2020.08.15-08.40.09:101][  0]LogTargetPlatformManager: Display: Loaded TargetPlatform 'Android_ASTC'
[2020.08.15-08.40.09:101][  0]LogTargetPlatformManager: Display: Loaded TargetPlatform 'Android_DXT'
[2020.08.15-08.40.09:101][  0]LogTargetPlatformManager: Display: Loaded TargetPlatform 'Android_ETC2'
[2020.08.15-08.40.09:101][  0]LogTargetPlatformManager: Display: Loaded TargetPlatform 'AndroidClient'
[2020.08.15-08.40.09:101][  0]LogTargetPlatformManager: Display: Loaded TargetPlatform 'Android_ASTCClient'
[2020.08.15-08.40.09:101][  0]LogTargetPlatformManager: Display: Loaded TargetPlatform 'Android_DXTClient'
[2020.08.15-08.40.09:101][  0]LogTargetPlatformManager: Display: Loaded TargetPlatform 'Android_ETC2Client'
[2020.08.15-08.40.09:101][  0]LogTargetPlatformManager: Display: Loaded TargetPlatform 'Android_Multi'
[2020.08.15-08.40.09:101][  0]LogTargetPlatformManager: Display: Loaded TargetPlatform 'Android_MultiClient'
[2020.08.15-08.40.09:123][  0]LogTargetPlatformManager: Display: Loaded TargetPlatform 'IOSClient'
[2020.08.15-08.40.09:123][  0]LogTargetPlatformManager: Display: Loaded TargetPlatform 'IOS'
[2020.08.15-08.40.09:134][  0]LogTargetPlatformManager: Display: Loaded TargetPlatform 'Linux'
[2020.08.15-08.40.09:142][  0]LogTargetPlatformManager: Display: Loaded TargetPlatform 'LinuxNoEditor'
[2020.08.15-08.40.09:152][  0]LogTargetPlatformManager: Display: Loaded TargetPlatform 'LinuxClient'
[2020.08.15-08.40.09:160][  0]LogTargetPlatformManager: Display: Loaded TargetPlatform 'LinuxServer'
[2020.08.15-08.40.09:169][  0]LogTargetPlatformManager: Display: Loaded TargetPlatform 'LinuxAArch64NoEditor'
[2020.08.15-08.40.09:177][  0]LogTargetPlatformManager: Display: Loaded TargetPlatform 'LinuxAArch64Client'
[2020.08.15-08.40.09:186][  0]LogTargetPlatformManager: Display: Loaded TargetPlatform 'LinuxAArch64Server'
[2020.08.15-08.40.09:209][  0]LogTargetPlatformManager: Display: Loaded TargetPlatform 'Lumin'
[2020.08.15-08.40.09:209][  0]LogTargetPlatformManager: Display: Loaded TargetPlatform 'LuminClient'
[2020.08.15-08.40.09:223][  0]LogTargetPlatformManager: Display: Loaded TargetPlatform 'TVOSClient'
[2020.08.15-08.40.09:223][  0]LogTargetPlatformManager: Display: Loaded TargetPlatform 'TVOS'
[2020.08.15-08.40.09:232][  0]LogTargetPlatformManager: Display: Loaded TargetPlatform 'WindowsNoEditor'
[2020.08.15-08.40.09:241][  0]LogTargetPlatformManager: Display: Loaded TargetPlatform 'Windows'
[2020.08.15-08.40.09:250][  0]LogTargetPlatformManager: Display: Loaded TargetPlatform 'WindowsClient'
[2020.08.15-08.40.09:258][  0]LogTargetPlatformManager: Display: Loaded TargetPlatform 'WindowsServer'
[2020.08.15-08.40.09:258][  0]LogTargetPlatformManager: Display: Building Assets For Windows
[2020.08.15-08.40.09:266][  0]LogAudioDebug: Display: Lib vorbis DLL was dynamically loaded.
[2020.08.15-08.40.09:328][  0]LogShaderCompilers: Guid format shader working directory is -24 characters bigger than the processId version (D:/UnrealEngine 4/Projects/ToBeNamed_RPG2/ToBeNamed-RPG/ToBeNamed_RPG/Intermediate/Shaders/WorkingDirectory/17284/).
[2020.08.15-08.40.09:328][  0]LogShaderCompilers: Cleaned the shader compiler working directory 'C:/Users/babal/AppData/Local/Temp/UnrealShaderWorkingDir/858082954264DEBB0CE371B96C2F73CF/'.
[2020.08.15-08.40.09:329][  0]LogXGEController: Cannot use XGE Controller as Incredibuild is not installed on this machine.
[2020.08.15-08.40.09:329][  0]LogShaderCompilers: Cannot use XGE Shader Compiler as Incredibuild is not installed on this machine.
[2020.08.15-08.40.09:329][  0]LogShaderCompilers: Display: Using Local Shader Compiler.
[2020.08.15-08.40.10:046][  0]LogDerivedDataCache: Display: Max Cache Size: 512 MB
[2020.08.15-08.40.10:094][  0]LogDerivedDataCache: Loaded boot cache 0.05s 76MB C:/Users/babal/AppData/Local/UnrealEngine/4.25/DerivedDataCache/Boot.ddc.
[2020.08.15-08.40.10:094][  0]LogDerivedDataCache: Display: Loaded Boot cache: C:/Users/babal/AppData/Local/UnrealEngine/4.25/DerivedDataCache/Boot.ddc
[2020.08.15-08.40.10:094][  0]LogDerivedDataCache: FDerivedDataBackendGraph:  Pak pak cache file D:/UnrealEngine 4/Projects/ToBeNamed_RPG2/ToBeNamed-RPG/ToBeNamed_RPG/DerivedDataCache/DDC.ddp not found, will not use a pak cache.
[2020.08.15-08.40.10:094][  0]LogDerivedDataCache: Unable to find inner node Pak for hierarchical cache Hierarchy.
[2020.08.15-08.40.10:094][  0]LogDerivedDataCache: FDerivedDataBackendGraph:  CompressedPak pak cache file D:/UnrealEngine 4/Projects/ToBeNamed_RPG2/ToBeNamed-RPG/ToBeNamed_RPG/DerivedDataCache/Compressed.ddp not found, will not use a pak cache.
[2020.08.15-08.40.10:094][  0]LogDerivedDataCache: Unable to find inner node CompressedPak for hierarchical cache Hierarchy.
[2020.08.15-08.40.10:105][  0]LogDerivedDataCache: Display: Pak cache opened for reading ../../../Engine/DerivedDataCache/Compressed.ddp.
[2020.08.15-08.40.10:105][  0]LogDerivedDataCache: FDerivedDataBackendGraph:  EnterprisePak pak cache file ../../../Enterprise/DerivedDataCache/Compressed.ddp not found, will not use a pak cache.
[2020.08.15-08.40.10:105][  0]LogDerivedDataCache: Unable to find inner node EnterprisePak for hierarchical cache Hierarchy.
[2020.08.15-08.40.10:106][  0]LogDerivedDataCache: Using Local data cache path C:/Users/babal/AppData/Local/UnrealEngine/Common/DerivedDataCache: Writable
[2020.08.15-08.40.10:106][  0]LogDerivedDataCache: Shared data cache path not found in *engine.ini, will not use an Shared cache.
[2020.08.15-08.40.10:106][  0]LogDerivedDataCache: Unable to find inner node Shared for hierarchical cache Hierarchy.
[2020.08.15-08.40.10:159][  0]LogSlate: Using FreeType 2.10.0
[2020.08.15-08.40.10:159][  0]LogSlate: SlateFontServices - WITH_FREETYPE: 1, WITH_HARFBUZZ: 1
[2020.08.15-08.40.10:182][  0]LogAssetRegistry: FAssetRegistry took 0.0021 seconds to start up
[2020.08.15-08.40.10:422][  0]LogInit: Selected Device Profile: [Windows]
[2020.08.15-08.40.10:530][  0]LogMeshReduction: Using QuadricMeshReduction for automatic static mesh reduction
[2020.08.15-08.40.10:530][  0]LogMeshReduction: Using SimplygonMeshReduction for automatic skeletal mesh reduction
[2020.08.15-08.40.10:530][  0]LogMeshReduction: Using ProxyLODMeshReduction for automatic mesh merging
[2020.08.15-08.40.10:530][  0]LogMeshReduction: No distributed automatic mesh merging module available
[2020.08.15-08.40.10:530][  0]LogMeshMerging: No distributed automatic mesh merging module available
[2020.08.15-08.40.10:548][  0]LogNetVersion: ToBeNamed_RPG 1.0.0, NetCL: 13144385, EngineNetVer: 14, GameNetVer: 0 (Checksum: 4150945857)
[2020.08.15-08.40.10:968][  0]LogAISub: UAISubsystem::UAISubsystem AISubsystem (000001FE064D0340), frame # 0
[2020.08.15-08.40.10:968][  0]LogAISub: UAISubsystem::UAISubsystem AIPerceptionSystem (000001FE0AA63D80), frame # 0
[2020.08.15-08.40.10:969][  0]LogAISub: UAISubsystem::UAISubsystem EnvQueryManager (000001FE06461E00), frame # 0
[2020.08.15-08.40.11:023][  0]LogPackageLocalizationCache: Processed 21 localized package path(s) for 1 prioritized culture(s) in 0.048508 seconds
[2020.08.15-08.40.11:028][  0]LogUObjectArray: 15917 objects as part of root set at end of initial load.
[2020.08.15-08.40.11:028][  0]LogUObjectAllocator: 3965568 out of 0 bytes used by permanent object pool.
[2020.08.15-08.40.11:028][  0]LogUObjectArray: CloseDisregardForGC: 0/0 objects in disregard for GC pool
[2020.08.15-08.40.11:268][  0]LogPython: Using Python 2.7.14
[2020.08.15-08.40.12:058][  0]LogTcpMessaging: Initializing TcpMessaging bridge
[2020.08.15-08.40.12:062][  0]LogUdpMessaging: Initializing bridge on interface 0.0.0.0:0 to multicast group 230.0.0.1:6666.
[2020.08.15-08.40.12:119][  0]LogLinker: Warning: Failed to load '/Game/ThirdPersonBP/ThirdPersonOverview': Can't find file.
[2020.08.15-08.40.12:119][  0]LogLinker: Warning: Failed to load '/Game/ThirdPersonBP/ThirdPersonOverview': Can't find file.
[2020.08.15-08.40.12:119][  0]LogUObjectGlobals: Warning: Failed to find object 'Class /Game/ThirdPersonBP/ThirdPersonOverview.ThirdPersonOverview_C'
[2020.08.15-08.40.12:164][  0]SourceControl: Source control is disabled
[2020.08.15-08.40.12:164][  0]SourceControl: Source control is disabled
[2020.08.15-08.40.12:168][  0]SourceControl: Source control is disabled
[2020.08.15-08.40.12:171][  0]SourceControl: Source control is disabled
[2020.08.15-08.40.12:177][  0]SourceControl: Source control is disabled
[2020.08.15-08.40.12:191][  0]LogVSAccessor: Display: Unable to create Visual Studio setup instance: 80040154
[2020.08.15-08.40.12:191][  0]LogVSAccessor: Display: Unable to create Visual Studio setup instance: 80040154
[2020.08.15-08.40.12:479][  0]LogAndroidPermission: UAndroidPermissionCallbackProxy::GetInstance
[2020.08.15-08.40.12:510][  0]LogAudioCaptureCore: Display: No Audio Capture implementations found. Audio input will be silent.
[2020.08.15-08.40.12:510][  0]LogAudioCaptureCore: Display: No Audio Capture implementations found. Audio input will be silent.
[2020.08.15-08.40.12:581][  0]LogOcInput: OculusInput pre-init called
[2020.08.15-08.40.12:592][  0]LogWindows: Failed to load 'OVRPlugin.dll' (GetLastError=126)
[2020.08.15-08.40.12:592][  0]LogWindows: File 'OVRPlugin.dll' does not exist
[2020.08.15-08.40.12:971][  0]LogEngine: Initializing Engine...
[2020.08.15-08.40.12:971][  0]LogHMD: Failed to initialize OpenVR with code 110
[2020.08.15-08.40.12:972][  0]LogMagicLeap: Warning: VR disabled because ZI is not enabled.  To enable, in the editor, Edit -> Project Settings -> Plugins -> Magic Leap Plugin -> Enable Zero Iteration
[2020.08.15-08.40.12:972][  0]LogStats: UGameplayTagsManager::InitializeManager -  0.000 s
[2020.08.15-08.40.13:085][  0]LogInit: Initializing FReadOnlyCVARCache
[2020.08.15-08.40.13:094][  0]LogAIModule: Creating AISystem for world Untitled
[2020.08.15-08.40.13:094][  0]LogAISub: UAISubsystem::UAISubsystem EnvQueryManager (000001FE1260BC00), frame # 0
[2020.08.15-08.40.13:094][  0]LogAISub: UAISubsystem::UAISubsystem AIPerceptionSystem (000001FE1264E340), frame # 0
[2020.08.15-08.40.13:111][  0]LogAudioMixer: Display: Audio Mixer Platform Settings:
[2020.08.15-08.40.13:111][  0]LogAudioMixer: Display: 	Sample Rate:						  48000
[2020.08.15-08.40.13:111][  0]LogAudioMixer: Display: 	Callback Buffer Frame Size Requested: 1024
[2020.08.15-08.40.13:111][  0]LogAudioMixer: Display: 	Callback Buffer Frame Size To Use:	  1024
[2020.08.15-08.40.13:111][  0]LogAudioMixer: Display: 	Number of buffers to queue:			  2
[2020.08.15-08.40.13:111][  0]LogAudioMixer: Display: 	Max Channels (voices):				  32
[2020.08.15-08.40.13:111][  0]LogAudioMixer: Display: 	Number of Async Source Workers:		  0
[2020.08.15-08.40.13:111][  0]LogAudio: Display: AudioDevice MaxSources: 32
[2020.08.15-08.40.13:111][  0]LogAudio: Display: Using built-in audio occlusion.
[2020.08.15-08.40.13:111][  0]LogAudioMixer: Display: Initializing audio mixer.
[2020.08.15-08.40.13:126][  0]LogAudioMixer: Display: 0: FrontLeft
[2020.08.15-08.40.13:126][  0]LogAudioMixer: Display: 1: FrontRight
[2020.08.15-08.40.13:167][  0]LogAudioMixer: Display: Using Audio Device Lautsprecher (Realtek High Definition Audio)
[2020.08.15-08.40.13:169][  0]LogAudioMixer: Display: Initializing Sound Submixes...
[2020.08.15-08.40.13:171][  0]LogAudioMixer: Display: Creating Master Submix 'MasterSubmixDefault'
[2020.08.15-08.40.13:171][  0]LogAudioMixer: Display: Creating Master Submix 'MasterReverbSubmixDefault'
[2020.08.15-08.40.13:172][  0]LogAudioMixer: Display: Creating Master Submix 'MasterEQSubmixDefault'
[2020.08.15-08.40.13:173][  0]LogInit: FAudioDevice initialized.
[2020.08.15-08.40.13:173][  0]LogNetVersion: Set ProjectVersion to 1.0.0.0. Version Checksum will be recalculated on next use.
[2020.08.15-08.40.13:217][  0]LogDerivedDataCache: Saved boot cache 0.04s 76MB C:/Users/babal/AppData/Local/UnrealEngine/4.25/DerivedDataCache/Boot.ddc.
[2020.08.15-08.40.13:221][  0]LogInit: Texture streaming: Enabled
[2020.08.15-08.40.13:237][  0]LogEngineSessionManager: EngineSessionManager initialized
[2020.08.15-08.40.13:237][  0]LogEditorSessionSummary: Verbose: Initializing EditorSessionSummaryWriter for editor session tracking
[2020.08.15-08.40.13:238][  0]LogEditorSessionSummary: EditorSessionSummaryWriter initialized
[2020.08.15-08.40.13:296][  0]LogInit: Transaction tracking system initialized
[2020.08.15-08.40.13:320][  0]BlueprintLog: New page: Editor Load
[2020.08.15-08.40.13:391][  0]LocalizationService: Localization service is disabled
[2020.08.15-08.40.13:476][  0]LogVSAccessor: Display: Unable to create Visual Studio setup instance: 80040154
[2020.08.15-08.40.13:477][  0]LogVSAccessor: Display: Unable to create Visual Studio setup instance: 80040154
[2020.08.15-08.40.13:544][  0]LogCook: Display: Max memory allowance for cook 16384mb min free memory 0mb
[2020.08.15-08.40.13:544][  0]LogCook: Display: Mobile HDR setting 1
[2020.08.15-08.40.13:710][  0]LogFileCache: Scanning file cache for directory 'D:/UnrealEngine 4/Projects/ToBeNamed_RPG2/ToBeNamed-RPG/ToBeNamed_RPG/Content/' took 0.03s
[2020.08.15-08.40.13:907][  0]SourceControl: Source control is disabled
[2020.08.15-08.40.13:907][  0]LogUnrealEdMisc: Loading editor; pre map load, took 7.093
[2020.08.15-08.40.13:907][  0]Cmd: MAP LOAD FILE="D:/UnrealEngine 4/Projects/ToBeNamed_RPG2/ToBeNamed-RPG/ToBeNamed_RPG/Content/Maps/StarterMap1.umap" TEMPLATE=0 SHOWPROGRESS=1 FEATURELEVEL=3
[2020.08.15-08.40.13:908][  0]LogEditorServer: Warning: Can't find file 'D:/UnrealEngine 4/Projects/ToBeNamed_RPG2/ToBeNamed-RPG/ToBeNamed_RPG/Content/Maps/StarterMap1.umap'
[2020.08.15-08.40.13:908][  0]Cmd: MAP CHECKDEP NOCLEARLOG
[2020.08.15-08.40.13:908][  0]MapCheck: Map check complete: 0 Error(s), 0 Warning(s), took 0.113ms to complete.
[2020.08.15-08.40.13:908][  0]LogFileHelpers: Loading map 'StarterMap1' took 0.000
[2020.08.15-08.40.13:910][  0]LogUnrealEdMisc: Total Editor Startup Time, took 7.095
[2020.08.15-08.40.14:024][  0]LogSlate: Updating window title bar state: overlay mode, drag disabled, window buttons hidden, title bar hidden
[2020.08.15-08.40.14:031][  0]LogSlate: Updating window title bar state: overlay mode, drag disabled, window buttons hidden, title bar hidden
[2020.08.15-08.40.14:039][  0]LogSlate: Updating window title bar state: overlay mode, drag disabled, window buttons hidden, title bar hidden
[2020.08.15-08.40.14:046][  0]LogSlate: Updating window title bar state: overlay mode, drag disabled, window buttons hidden, title bar hidden
[2020.08.15-08.40.14:053][  0]LogCollectionManager: Loaded 0 collections in 0.001760 seconds
[2020.08.15-08.40.14:067][  0]LogFileCache: Scanning file cache for directory 'D:/UnrealEngine 4/Projects/ToBeNamed_RPG2/ToBeNamed-RPG/ToBeNamed_RPG/Saved/Collections/' took 0.00s
[2020.08.15-08.40.14:067][  0]LogFileCache: Scanning file cache for directory 'D:/UnrealEngine 4/Projects/ToBeNamed_RPG2/ToBeNamed-RPG/ToBeNamed_RPG/Content/Developers/babal/Collections/' took 0.00s
[2020.08.15-08.40.14:067][  0]LogFileCache: Scanning file cache for directory 'D:/UnrealEngine 4/Projects/ToBeNamed_RPG2/ToBeNamed-RPG/ToBeNamed_RPG/Content/Collections/' took 0.00s
[2020.08.15-08.40.14:067][  0]LogContentBrowser: Native class hierarchy populated in 0.0097 seconds. Added 3446 classes and 828 folders.
[2020.08.15-08.40.14:070][  0]LogContentBrowser: Native class hierarchy updated for 'WidgetCarousel' in 0.0002 seconds. Added 0 classes and 0 folders.
[2020.08.15-08.40.14:119][  0]LogContentBrowser: Native class hierarchy updated for 'AddContentDialog' in 0.0002 seconds. Added 0 classes and 0 folders.
[2020.08.15-08.40.14:120][  0]LogContentBrowser: Native class hierarchy updated for 'SceneOutliner' in 0.0002 seconds. Added 2 classes and 0 folders.
[2020.08.15-08.40.14:185][  0]LogSlate: Took 0.000288 seconds to synchronously load lazily loaded font '../../../Engine/Content/Slate/Fonts/Roboto-Regular.ttf' (155K)
[2020.08.15-08.40.14:187][  0]LogSlate: Took 0.000172 seconds to synchronously load lazily loaded font '../../../Engine/Content/Slate/Fonts/Roboto-Bold.ttf' (160K)
[2020.08.15-08.40.14:191][  0]LogSlate: Took 0.000168 seconds to synchronously load lazily loaded font '../../../Engine/Content/Editor/Slate/Fonts/FontAwesome.ttf' (139K)
[2020.08.15-08.40.14:264][  0]LogRenderer: Reallocating scene render targets to support 1796x952 Format 10 NumSamples 1 (Frame:1).
[2020.08.15-08.40.14:352][  0]LogContentBrowser: Native class hierarchy updated for 'HierarchicalLODOutliner' in 0.0002 seconds. Added 0 classes and 0 folders.
[2020.08.15-08.40.14:352][  0]LogLoad: (Engine Initialization) Total time: 7.54 seconds
[2020.08.15-08.40.14:352][  0]LogLoad: (Engine Initialization) Total Blueprint compile time: 0.00 seconds
[2020.08.15-08.40.14:409][  0]LogContentStreaming: Texture pool size now 1000 MB
[2020.08.15-08.40.14:503][  1]LogAssetRegistry: Asset discovery search completed in 4.3212 seconds
[2020.08.15-08.40.14:508][  1]LogCollectionManager: Fixed up redirectors for 0 collections in 0.000003 seconds (updated 0 objects)
[2020.08.15-08.40.23:554][896]LogSlate: Took 0.000110 seconds to synchronously load lazily loaded font '../../../Engine/Content/Slate/Fonts/Roboto-Light.ttf' (167K)
[2020.08.15-08.40.28:195][415]LogSlate: Window 'Project Settings' being destroyed
[2020.08.15-08.40.28:198][415]LogSlate: Window 'Project Settings' being destroyed
[2020.08.15-08.40.29:669][580]LogSlate: Took 0.000111 seconds to synchronously load lazily loaded font '../../../Engine/Content/Slate/Fonts/Roboto-Light.ttf' (167K)
[2020.08.15-08.40.33:582][580]LogSlate: Window 'Save Level As' being destroyed
[2020.08.15-08.40.35:631][820]LogAssetEditorSubsystem: Opening Asset editor for World /Game/Maps/StarterMap.StarterMap
[2020.08.15-08.40.35:642][820]LogUObjectHash: Compacting FUObjectHashTables data took   0.68ms
[2020.08.15-08.40.35:643][820]Cmd: MAP LOAD FILE="D:/UnrealEngine 4/Projects/ToBeNamed_RPG2/ToBeNamed-RPG/ToBeNamed_RPG/Content/Maps/StarterMap.umap" TEMPLATE=0 SHOWPROGRESS=1 FEATURELEVEL=3
[2020.08.15-08.40.35:643][820]LightingResults: New page: Lighting Build
[2020.08.15-08.40.35:644][820]LogContentBrowser: Native class hierarchy updated for 'StatsViewer' in 0.0003 seconds. Added 6 classes and 0 folders.
[2020.08.15-08.40.35:644][820]LoadErrors: New page: Loading map: StarterMap.umap
[2020.08.15-08.40.35:679][820]LogWorld: UWorld::CleanupWorld for Untitled, bSessionEnded=true, bCleanupResources=true
[2020.08.15-08.40.35:679][820]LogSlate: InvalidateAllWidgets triggered.  All widgets were invalidated
[2020.08.15-08.40.35:679][820]MapCheck: New page: Map Check
[2020.08.15-08.40.35:679][820]LightingResults: New page: Lighting Build
[2020.08.15-08.40.35:687][820]LogAISub: UAISubsystem::~UAISubsystem EnvQueryManager (000001FE1260BC00), frame # 1820
[2020.08.15-08.40.35:687][820]LogAISub: UAISubsystem::~UAISubsystem AIPerceptionSystem (000001FE1264E340), frame # 1820
[2020.08.15-08.40.35:687][820]LogUObjectHash: Compacting FUObjectHashTables data took   0.64ms
[2020.08.15-08.40.35:810][820]LogEditorServer: Finished looking for orphan Actors (0.000 secs)
[2020.08.15-08.40.35:810][820]LogAIModule: Creating AISystem for world StarterMap
[2020.08.15-08.40.35:810][820]LogAISub: UAISubsystem::UAISubsystem EnvQueryManager (000001FE84B4AA00), frame # 1820
[2020.08.15-08.40.35:810][820]LogAISub: UAISubsystem::UAISubsystem AIPerceptionSystem (000001FE75179A80), frame # 1820
[2020.08.15-08.40.35:820][820]LogUObjectHash: Compacting FUObjectHashTables data took   0.57ms
[2020.08.15-08.40.35:852][820]Cmd: MAP CHECKDEP NOCLEARLOG
[2020.08.15-08.40.35:854][820]MapCheck: Map check complete: 0 Error(s), 0 Warning(s), took 2.129ms to complete.
[2020.08.15-08.40.35:854][820]LogFileHelpers: Loading map 'StarterMap' took 0.211
[2020.08.15-08.40.39:533][232]LogUObjectHash: Compacting FUObjectHashTables data took   0.24ms
